<?xml version="1.0" encoding="UTF-8"?>
<!-- Generated by org.testng.reporters.JUnitReportReporter -->
<testsuite skipped="0" hostname="DESKTOP-4JBAKI8" name="demo.CreateIncident" tests="1" failures="0" timestamp="23 Aug 2019 15:22:05 GMT" time="6.162" errors="0">
  <testcase name="postAnIncident" time="6.162" classname="demo.CreateIncident"/>
</testsuite> <!-- demo.CreateIncident -->
