<?xml version="1.0" encoding="UTF-8"?>
<!-- Generated by org.testng.reporters.JUnitReportReporter -->
<testsuite skipped="0" hostname="DESKTOP-4JBAKI8" name="training.api.automation.POSTIncident" tests="1" failures="0" timestamp="24 Aug 2019 07:01:46 GMT" time="6.046" errors="0">
  <testcase name="createIncident" time="6.046" classname="training.api.automation.POSTIncident"/>
</testsuite> <!-- training.api.automation.POSTIncident -->
