<?xml version="1.0" encoding="UTF-8"?>
<!-- Generated by org.testng.reporters.JUnitReportReporter -->
<testsuite skipped="0" hostname="DESKTOP-4JBAKI8" name="training.api.automation.FirstRestAPITest" tests="1" failures="0" timestamp="24 Aug 2019 03:54:21 GMT" time="3.266" errors="0">
  <testcase name="firstAPITest" time="3.266" classname="training.api.automation.FirstRestAPITest"/>
</testsuite> <!-- training.api.automation.FirstRestAPITest -->
